{
  "stats": {
    "suites": 1,
    "tests": 1,
    "passes": 0,
    "pending": 0,
    "failures": 1,
    "start": "2023-08-28T07:29:47.952Z",
    "end": "2023-08-28T07:29:54.407Z",
    "duration": 6455,
    "testsRegistered": 1,
    "passPercent": 0,
    "pendingPercent": 0,
    "other": 0,
    "hasOther": false,
    "skipped": 0,
    "hasSkipped": false
  },
  "results": [
    {
      "uuid": "9be5eb96-791f-4cbc-96b7-acc69bb5703d",
      "title": "",
      "fullFile": "cypress\\e2e\\tests\\mainTest.cy.js",
      "file": "cypress\\e2e\\tests\\mainTest.cy.js",
      "beforeHooks": [],
      "afterHooks": [],
      "tests": [],
      "suites": [
        {
          "uuid": "b5273a7c-f9b0-4fb0-ad9e-07b556e2cadf",
          "title": "News and Updates page",
          "fullFile": "",
          "file": "",
          "beforeHooks": [],
          "afterHooks": [],
          "tests": [
            {
              "title": "Confirm News and Updates page elements asserts",
              "fullTitle": "News and Updates page Confirm News and Updates page elements asserts",
              "timedOut": null,
              "duration": 6411,
              "state": "failed",
              "speed": null,
              "pass": false,
              "fail": true,
              "pending": false,
              "context": null,
              "code": "_home.default.elements.newsAndUpdatesPageHeader().should('be.visible');\ncy.log('News and Updates page is displayed');",
              "err": {
                "message": "TypeError: _home.default.elements.newsAndUpdatesPageHeader is not a function",
                "estack": "TypeError: _home.default.elements.newsAndUpdatesPageHeader is not a function\n    at Context.eval (webpack:///./cypress/e2e/tests/mainTest.cy.js:14:36)",
                "diff": null
              },
              "uuid": "e3e08dae-5d1d-448e-a661-7117ec58dfc0",
              "parentUUID": "b5273a7c-f9b0-4fb0-ad9e-07b556e2cadf",
              "isHook": false,
              "skipped": false
            }
          ],
          "suites": [],
          "passes": [],
          "failures": [
            "e3e08dae-5d1d-448e-a661-7117ec58dfc0"
          ],
          "pending": [],
          "skipped": [],
          "duration": 6411,
          "root": false,
          "rootEmpty": false,
          "_timeout": 2000
        }
      ],
      "passes": [],
      "failures": [],
      "pending": [],
      "skipped": [],
      "duration": 0,
      "root": true,
      "rootEmpty": true,
      "_timeout": 2000
    }
  ],
  "meta": {
    "mocha": {
      "version": "7.0.1"
    },
    "mochawesome": {
      "options": {
        "quiet": true,
        "reportFilename": "mochawesome",
        "saveHtml": false,
        "saveJson": true,
        "consoleReporter": "spec",
        "useInlineDiffs": false,
        "code": true
      },
      "version": "7.1.3"
    },
    "marge": {
      "options": {
        "reportDir": "cypress\\reports\\.jsons",
        "charts": true,
        "reportPageTitle": "McDonalds Test Report",
        "embeddedScreenshots": true,
        "inlineAssets": true,
        "quiet": true,
        "overwrite": false,
        "html": false,
        "json": true
      },
      "version": "6.2.0"
    }
  }
}